0 info it worked if it ends with ok
1 verbose cli [ '/usr/local/bin/node', '/usr/local/bin/npm', 'run', 'dev' ]
2 info using npm@4.0.5
3 info using node@v7.4.0
4 verbose run-script [ 'predev', 'dev', 'postdev' ]
5 info lifecycle gem-search@1.0.0~predev: gem-search@1.0.0
6 silly lifecycle gem-search@1.0.0~predev: no script for predev, continuing
7 info lifecycle gem-search@1.0.0~dev: gem-search@1.0.0
8 verbose lifecycle gem-search@1.0.0~dev: unsafe-perm in lifecycle true
9 verbose lifecycle gem-search@1.0.0~dev: PATH: /usr/local/lib/node_modules/npm/bin/node-gyp-bin:/Users/johnpmarra/Desktop/teachablechallenge/gemSearch/node_modules/.bin:/usr/local/bin:/usr/bin:/bin:/usr/sbin:/sbin:/Applications/Postgres.app/Contents/Versions/latest/bin
10 verbose lifecycle gem-search@1.0.0~dev: CWD: /Users/johnpmarra/Desktop/teachablechallenge/gemSearch
11 silly lifecycle gem-search@1.0.0~dev: Args: [ '-c', 'nodemon server/server.js & webpack -w' ]
12 silly lifecycle gem-search@1.0.0~dev: Returned: code: 1  signal: null
13 info lifecycle gem-search@1.0.0~dev: Failed to exec dev script
14 verbose stack Error: gem-search@1.0.0 dev: `nodemon server/server.js & webpack -w`
14 verbose stack Exit status 1
14 verbose stack     at EventEmitter.<anonymous> (/usr/local/lib/node_modules/npm/lib/utils/lifecycle.js:279:16)
14 verbose stack     at emitTwo (events.js:106:13)
14 verbose stack     at EventEmitter.emit (events.js:191:7)
14 verbose stack     at ChildProcess.<anonymous> (/usr/local/lib/node_modules/npm/lib/utils/spawn.js:40:14)
14 verbose stack     at emitTwo (events.js:106:13)
14 verbose stack     at ChildProcess.emit (events.js:191:7)
14 verbose stack     at maybeClose (internal/child_process.js:885:16)
14 verbose stack     at Process.ChildProcess._handle.onexit (internal/child_process.js:226:5)
15 verbose pkgid gem-search@1.0.0
16 verbose cwd /Users/johnpmarra/Desktop/teachablechallenge/gemSearch
17 error Darwin 16.6.0
18 error argv "/usr/local/bin/node" "/usr/local/bin/npm" "run" "dev"
19 error node v7.4.0
20 error npm  v4.0.5
21 error code ELIFECYCLE
22 error gem-search@1.0.0 dev: `nodemon server/server.js & webpack -w`
22 error Exit status 1
23 error Failed at the gem-search@1.0.0 dev script 'nodemon server/server.js & webpack -w'.
23 error Make sure you have the latest version of node.js and npm installed.
23 error If you do, this is most likely a problem with the gem-search package,
23 error not with npm itself.
23 error Tell the author that this fails on your system:
23 error     nodemon server/server.js & webpack -w
23 error You can get information on how to open an issue for this project with:
23 error     npm bugs gem-search
23 error Or if that isn't available, you can get their info via:
23 error     npm owner ls gem-search
23 error There is likely additional logging output above.
24 verbose exit [ 1, true ]
